{"URL":"/boards","Method":"POST","params":{},"body":{"title":"Autotest board","columns":[{"title":"Backlog","order":1},{"title":"Sprint","order":2}]},"statusCode":201,"Time":"2021-06-06T14:23:01.405Z","level":"info","message":"    undefined"}
{"URL":"/boards/47418859-45a3-4a40-8f82-0fa1b5d0d0d8/tasks","Method":"POST","params":{"boardId":"47418859-45a3-4a40-8f82-0fa1b5d0d0d8"},"body":{"title":"Autotest task","order":0,"description":"Lorem ipsum","userId":null,"boardId":null,"columnId":null},"statusCode":201,"Time":"2021-06-06T14:23:01.416Z","level":"info","message":"    undefined"}
{"URL":"/boards/47418859-45a3-4a40-8f82-0fa1b5d0d0d8/tasks","Method":"GET","params":{"boardId":"47418859-45a3-4a40-8f82-0fa1b5d0d0d8"},"body":{},"statusCode":200,"Time":"2021-06-06T14:23:01.420Z","level":"info","message":"    undefined"}
{"URL":"/boards/47418859-45a3-4a40-8f82-0fa1b5d0d0d8/tasks","Method":"GET","params":{"boardId":"47418859-45a3-4a40-8f82-0fa1b5d0d0d8"},"body":{},"statusCode":200,"Time":"2021-06-06T14:23:01.428Z","level":"info","message":"    undefined"}
{"URL":"/boards/47418859-45a3-4a40-8f82-0fa1b5d0d0d8/tasks/59de04ad-c593-4457-b77c-788eab9c7311","Method":"GET","params":{"boardId":"47418859-45a3-4a40-8f82-0fa1b5d0d0d8","taskId":"59de04ad-c593-4457-b77c-788eab9c7311"},"body":{},"statusCode":200,"Time":"2021-06-06T14:23:01.431Z","level":"info","message":"    undefined"}
{"URL":"/boards/47418859-45a3-4a40-8f82-0fa1b5d0d0d8/tasks","Method":"POST","params":{"boardId":"47418859-45a3-4a40-8f82-0fa1b5d0d0d8"},"body":{"title":"Autotest task","order":0,"description":"Lorem ipsum","userId":null,"boardId":null,"columnId":null},"statusCode":201,"Time":"2021-06-06T14:23:01.434Z","level":"info","message":"    undefined"}
{"URL":"/boards/47418859-45a3-4a40-8f82-0fa1b5d0d0d8/tasks/a7d9a4dc-bf88-4001-8a10-4423bde86a7a","Method":"DELETE","params":{"boardId":"47418859-45a3-4a40-8f82-0fa1b5d0d0d8","taskId":"a7d9a4dc-bf88-4001-8a10-4423bde86a7a"},"body":{},"statusCode":200,"Time":"2021-06-06T14:23:01.437Z","level":"info","message":"    undefined"}
{"URL":"/boards/47418859-45a3-4a40-8f82-0fa1b5d0d0d8/tasks","Method":"POST","params":{"boardId":"47418859-45a3-4a40-8f82-0fa1b5d0d0d8"},"body":{"title":"Autotest task","order":0,"description":"Lorem ipsum","userId":null,"boardId":null,"columnId":null},"statusCode":201,"Time":"2021-06-06T14:23:01.440Z","level":"info","message":"    undefined"}
{"URL":"/boards/47418859-45a3-4a40-8f82-0fa1b5d0d0d8/tasks/945f95d6-859c-48f7-b65f-20cd71c1013c","Method":"PUT","params":{"boardId":"47418859-45a3-4a40-8f82-0fa1b5d0d0d8","taskId":"945f95d6-859c-48f7-b65f-20cd71c1013c"},"body":{"id":"945f95d6-859c-48f7-b65f-20cd71c1013c","title":"Autotest updated task","order":0,"description":"Lorem ipsum","userId":null,"boardId":"47418859-45a3-4a40-8f82-0fa1b5d0d0d8","columnId":null},"statusCode":200,"Time":"2021-06-06T14:23:01.443Z","level":"info","message":"    undefined"}
{"URL":"/boards/47418859-45a3-4a40-8f82-0fa1b5d0d0d8/tasks/945f95d6-859c-48f7-b65f-20cd71c1013c","Method":"GET","params":{"boardId":"47418859-45a3-4a40-8f82-0fa1b5d0d0d8","taskId":"945f95d6-859c-48f7-b65f-20cd71c1013c"},"body":{},"statusCode":200,"Time":"2021-06-06T14:23:01.445Z","level":"info","message":"    undefined"}
{"URL":"/boards/47418859-45a3-4a40-8f82-0fa1b5d0d0d8/tasks/59de04ad-c593-4457-b77c-788eab9c7311","Method":"GET","params":{"boardId":"47418859-45a3-4a40-8f82-0fa1b5d0d0d8","taskId":"59de04ad-c593-4457-b77c-788eab9c7311"},"body":{},"statusCode":200,"Time":"2021-06-06T14:23:01.447Z","level":"info","message":"    undefined"}
{"URL":"/boards/47418859-45a3-4a40-8f82-0fa1b5d0d0d8/tasks/59de04ad-c593-4457-b77c-788eab9c7311","Method":"DELETE","params":{"boardId":"47418859-45a3-4a40-8f82-0fa1b5d0d0d8","taskId":"59de04ad-c593-4457-b77c-788eab9c7311"},"body":{},"statusCode":200,"Time":"2021-06-06T14:23:01.448Z","level":"info","message":"    undefined"}
{"URL":"/boards/47418859-45a3-4a40-8f82-0fa1b5d0d0d8/tasks/59de04ad-c593-4457-b77c-788eab9c7311","Method":"GET","params":{},"body":{},"statusCode":404,"Time":"2021-06-06T14:23:01.450Z","level":"info","message":"    undefined"}
{"errorName":"Error","errorMessage":"Not found task by id","URL":"/boards/47418859-45a3-4a40-8f82-0fa1b5d0d0d8/tasks/59de04ad-c593-4457-b77c-788eab9c7311","Method":"GET","params":{},"body":{},"statusCode":404,"Time":"2021-06-06T14:23:01.451Z","level":"error","message":"   undefined"}
{"URL":"/boards/47418859-45a3-4a40-8f82-0fa1b5d0d0d8","Method":"DELETE","params":{"boardId":"47418859-45a3-4a40-8f82-0fa1b5d0d0d8"},"body":{},"statusCode":200,"Time":"2021-06-06T14:23:01.452Z","level":"info","message":"    undefined"}
{"URL":"/boards","Method":"POST","params":{},"body":{"title":"Autotest board","columns":[{"title":"Backlog","order":1},{"title":"Sprint","order":2}]},"statusCode":201,"Time":"2021-06-06T14:23:01.652Z","level":"info","message":"    undefined"}
{"URL":"/boards","Method":"GET","params":{},"body":{},"statusCode":200,"Time":"2021-06-06T14:23:01.655Z","level":"info","message":"    undefined"}
{"URL":"/boards","Method":"GET","params":{},"body":{},"statusCode":200,"Time":"2021-06-06T14:23:01.659Z","level":"info","message":"    undefined"}
{"URL":"/boards/a82e8d4c-72b4-47d8-aa03-a82c0b2ef056","Method":"GET","params":{"boardId":"a82e8d4c-72b4-47d8-aa03-a82c0b2ef056"},"body":{},"statusCode":200,"Time":"2021-06-06T14:23:01.661Z","level":"info","message":"    undefined"}
{"URL":"/boards","Method":"POST","params":{},"body":{"title":"Autotest board","columns":[{"title":"Backlog","order":1},{"title":"Sprint","order":2}]},"statusCode":201,"Time":"2021-06-06T14:23:01.664Z","level":"info","message":"    undefined"}
{"URL":"/boards/4496f7ab-4d48-440c-84ea-267605bbbdb3","Method":"DELETE","params":{"boardId":"4496f7ab-4d48-440c-84ea-267605bbbdb3"},"body":{},"statusCode":200,"Time":"2021-06-06T14:23:01.665Z","level":"info","message":"    undefined"}
{"URL":"/boards","Method":"POST","params":{},"body":{"title":"Autotest board","columns":[{"title":"Backlog","order":1},{"title":"Sprint","order":2}]},"statusCode":201,"Time":"2021-06-06T14:23:01.667Z","level":"info","message":"    undefined"}
{"URL":"/boards/33e54769-273e-463a-a01b-a514d5aa6d10","Method":"PUT","params":{"boardId":"33e54769-273e-463a-a01b-a514d5aa6d10"},"body":{"id":"33e54769-273e-463a-a01b-a514d5aa6d10","title":"Autotest updated board","columns":[{"title":"Backlog","order":1},{"title":"Sprint","order":2}]},"statusCode":200,"Time":"2021-06-06T14:23:01.669Z","level":"info","message":"    undefined"}
{"URL":"/boards/33e54769-273e-463a-a01b-a514d5aa6d10","Method":"GET","params":{"boardId":"33e54769-273e-463a-a01b-a514d5aa6d10"},"body":{},"statusCode":200,"Time":"2021-06-06T14:23:01.671Z","level":"info","message":"    undefined"}
{"URL":"/boards/33e54769-273e-463a-a01b-a514d5aa6d10","Method":"DELETE","params":{"boardId":"33e54769-273e-463a-a01b-a514d5aa6d10"},"body":{},"statusCode":200,"Time":"2021-06-06T14:23:01.672Z","level":"info","message":"    undefined"}
{"URL":"/boards","Method":"POST","params":{},"body":{"title":"Autotest board","columns":[{"title":"Backlog","order":1},{"title":"Sprint","order":2}]},"statusCode":201,"Time":"2021-06-06T14:23:01.675Z","level":"info","message":"    undefined"}
{"URL":"/boards/dc6696a5-659f-4a6c-881a-199ad8da7324","Method":"DELETE","params":{"boardId":"dc6696a5-659f-4a6c-881a-199ad8da7324"},"body":{},"statusCode":200,"Time":"2021-06-06T14:23:01.676Z","level":"info","message":"    undefined"}
{"URL":"/boards/dc6696a5-659f-4a6c-881a-199ad8da7324","Method":"GET","params":{},"body":{},"statusCode":404,"Time":"2021-06-06T14:23:01.678Z","level":"info","message":"    undefined"}
{"errorName":"Error","errorMessage":"Not found board by id","URL":"/boards/dc6696a5-659f-4a6c-881a-199ad8da7324","Method":"GET","params":{},"body":{},"statusCode":404,"Time":"2021-06-06T14:23:01.678Z","level":"error","message":"   undefined"}
{"URL":"/boards","Method":"POST","params":{},"body":{"title":"Autotest board","columns":[{"title":"Backlog","order":1},{"title":"Sprint","order":2}]},"statusCode":201,"Time":"2021-06-06T14:23:01.680Z","level":"info","message":"    undefined"}
{"URL":"/boards/5bfcd5f9-f574-4400-b31d-bf668d94effd/tasks","Method":"POST","params":{"boardId":"5bfcd5f9-f574-4400-b31d-bf668d94effd"},"body":{"title":"Task #5","order":5,"description":"Lorem ipsum","boardId":"5bfcd5f9-f574-4400-b31d-bf668d94effd","userId":null,"columnId":null},"statusCode":201,"Time":"2021-06-06T14:23:01.684Z","level":"info","message":"    undefined"}
{"URL":"/boards/5bfcd5f9-f574-4400-b31d-bf668d94effd/tasks","Method":"POST","params":{"boardId":"5bfcd5f9-f574-4400-b31d-bf668d94effd"},"body":{"title":"Task #1","order":1,"description":"Lorem ipsum","boardId":"5bfcd5f9-f574-4400-b31d-bf668d94effd","userId":null,"columnId":null},"statusCode":201,"Time":"2021-06-06T14:23:01.685Z","level":"info","message":"    undefined"}
{"URL":"/boards/5bfcd5f9-f574-4400-b31d-bf668d94effd/tasks","Method":"POST","params":{"boardId":"5bfcd5f9-f574-4400-b31d-bf668d94effd"},"body":{"title":"Task #2","order":2,"description":"Lorem ipsum","boardId":"5bfcd5f9-f574-4400-b31d-bf668d94effd","userId":null,"columnId":null},"statusCode":201,"Time":"2021-06-06T14:23:01.685Z","level":"info","message":"    undefined"}
{"URL":"/boards/5bfcd5f9-f574-4400-b31d-bf668d94effd/tasks","Method":"POST","params":{"boardId":"5bfcd5f9-f574-4400-b31d-bf668d94effd"},"body":{"title":"Task #3","order":3,"description":"Lorem ipsum","boardId":"5bfcd5f9-f574-4400-b31d-bf668d94effd","userId":null,"columnId":null},"statusCode":201,"Time":"2021-06-06T14:23:01.686Z","level":"info","message":"    undefined"}
{"URL":"/boards/5bfcd5f9-f574-4400-b31d-bf668d94effd/tasks","Method":"POST","params":{"boardId":"5bfcd5f9-f574-4400-b31d-bf668d94effd"},"body":{"title":"Task #4","order":4,"description":"Lorem ipsum","boardId":"5bfcd5f9-f574-4400-b31d-bf668d94effd","userId":null,"columnId":null},"statusCode":201,"Time":"2021-06-06T14:23:01.687Z","level":"info","message":"    undefined"}
{"URL":"/boards/5bfcd5f9-f574-4400-b31d-bf668d94effd/tasks/bf0a29e3-44b7-427e-b3ad-a8e7ba2c3520","Method":"GET","params":{"boardId":"5bfcd5f9-f574-4400-b31d-bf668d94effd","taskId":"bf0a29e3-44b7-427e-b3ad-a8e7ba2c3520"},"body":{},"statusCode":200,"Time":"2021-06-06T14:23:01.693Z","level":"info","message":"    undefined"}
{"URL":"/boards/5bfcd5f9-f574-4400-b31d-bf668d94effd/tasks/49972be9-ae77-4d83-bf24-6a7c4d0d79cf","Method":"GET","params":{"boardId":"5bfcd5f9-f574-4400-b31d-bf668d94effd","taskId":"49972be9-ae77-4d83-bf24-6a7c4d0d79cf"},"body":{},"statusCode":200,"Time":"2021-06-06T14:23:01.694Z","level":"info","message":"    undefined"}
{"URL":"/boards/5bfcd5f9-f574-4400-b31d-bf668d94effd/tasks/77d583ad-c27c-4a88-900e-626404579f87","Method":"GET","params":{"boardId":"5bfcd5f9-f574-4400-b31d-bf668d94effd","taskId":"77d583ad-c27c-4a88-900e-626404579f87"},"body":{},"statusCode":200,"Time":"2021-06-06T14:23:01.695Z","level":"info","message":"    undefined"}
{"URL":"/boards/5bfcd5f9-f574-4400-b31d-bf668d94effd/tasks/f51ddb89-6605-4d4d-b033-b3edfd5b612c","Method":"GET","params":{"boardId":"5bfcd5f9-f574-4400-b31d-bf668d94effd","taskId":"f51ddb89-6605-4d4d-b033-b3edfd5b612c"},"body":{},"statusCode":200,"Time":"2021-06-06T14:23:01.695Z","level":"info","message":"    undefined"}
{"URL":"/boards/5bfcd5f9-f574-4400-b31d-bf668d94effd/tasks/ccb57298-7408-4f2a-9e3d-2b4ddfbf3ad6","Method":"GET","params":{"boardId":"5bfcd5f9-f574-4400-b31d-bf668d94effd","taskId":"ccb57298-7408-4f2a-9e3d-2b4ddfbf3ad6"},"body":{},"statusCode":200,"Time":"2021-06-06T14:23:01.696Z","level":"info","message":"    undefined"}
{"URL":"/boards/5bfcd5f9-f574-4400-b31d-bf668d94effd","Method":"DELETE","params":{"boardId":"5bfcd5f9-f574-4400-b31d-bf668d94effd"},"body":{},"statusCode":200,"Time":"2021-06-06T14:23:01.697Z","level":"info","message":"    undefined"}
{"URL":"/boards/5bfcd5f9-f574-4400-b31d-bf668d94effd/tasks/bf0a29e3-44b7-427e-b3ad-a8e7ba2c3520","Method":"GET","params":{},"body":{},"statusCode":404,"Time":"2021-06-06T14:23:01.701Z","level":"info","message":"    undefined"}
{"errorName":"Error","errorMessage":"Not found task by id","URL":"/boards/5bfcd5f9-f574-4400-b31d-bf668d94effd/tasks/bf0a29e3-44b7-427e-b3ad-a8e7ba2c3520","Method":"GET","params":{},"body":{},"statusCode":404,"Time":"2021-06-06T14:23:01.701Z","level":"error","message":"   undefined"}
{"URL":"/boards/5bfcd5f9-f574-4400-b31d-bf668d94effd/tasks/f51ddb89-6605-4d4d-b033-b3edfd5b612c","Method":"GET","params":{},"body":{},"statusCode":404,"Time":"2021-06-06T14:23:01.702Z","level":"info","message":"    undefined"}
{"errorName":"Error","errorMessage":"Not found task by id","URL":"/boards/5bfcd5f9-f574-4400-b31d-bf668d94effd/tasks/f51ddb89-6605-4d4d-b033-b3edfd5b612c","Method":"GET","params":{},"body":{},"statusCode":404,"Time":"2021-06-06T14:23:01.702Z","level":"error","message":"   undefined"}
{"URL":"/boards/5bfcd5f9-f574-4400-b31d-bf668d94effd/tasks/ccb57298-7408-4f2a-9e3d-2b4ddfbf3ad6","Method":"GET","params":{},"body":{},"statusCode":404,"Time":"2021-06-06T14:23:01.702Z","level":"info","message":"    undefined"}
{"errorName":"Error","errorMessage":"Not found task by id","URL":"/boards/5bfcd5f9-f574-4400-b31d-bf668d94effd/tasks/ccb57298-7408-4f2a-9e3d-2b4ddfbf3ad6","Method":"GET","params":{},"body":{},"statusCode":404,"Time":"2021-06-06T14:23:01.702Z","level":"error","message":"   undefined"}
{"URL":"/boards/5bfcd5f9-f574-4400-b31d-bf668d94effd/tasks/49972be9-ae77-4d83-bf24-6a7c4d0d79cf","Method":"GET","params":{},"body":{},"statusCode":404,"Time":"2021-06-06T14:23:01.704Z","level":"info","message":"    undefined"}
{"errorName":"Error","errorMessage":"Not found task by id","URL":"/boards/5bfcd5f9-f574-4400-b31d-bf668d94effd/tasks/49972be9-ae77-4d83-bf24-6a7c4d0d79cf","Method":"GET","params":{},"body":{},"statusCode":404,"Time":"2021-06-06T14:23:01.704Z","level":"error","message":"   undefined"}
{"URL":"/boards/5bfcd5f9-f574-4400-b31d-bf668d94effd/tasks/77d583ad-c27c-4a88-900e-626404579f87","Method":"GET","params":{},"body":{},"statusCode":404,"Time":"2021-06-06T14:23:01.704Z","level":"info","message":"    undefined"}
{"errorName":"Error","errorMessage":"Not found task by id","URL":"/boards/5bfcd5f9-f574-4400-b31d-bf668d94effd/tasks/77d583ad-c27c-4a88-900e-626404579f87","Method":"GET","params":{},"body":{},"statusCode":404,"Time":"2021-06-06T14:23:01.704Z","level":"error","message":"   undefined"}
{"URL":"/boards/a82e8d4c-72b4-47d8-aa03-a82c0b2ef056","Method":"DELETE","params":{"boardId":"a82e8d4c-72b4-47d8-aa03-a82c0b2ef056"},"body":{},"statusCode":200,"Time":"2021-06-06T14:23:01.706Z","level":"info","message":"    undefined"}
{"URL":"/users","Method":"GET","params":{},"body":{},"statusCode":200,"Time":"2021-06-06T14:23:01.861Z","level":"info","message":"    undefined"}
{"URL":"/users","Method":"POST","params":{},"body":{"name":"TEST_USER","login":"test_user","password":"T35t_P@55w0rd"},"statusCode":201,"Time":"2021-06-06T14:23:01.868Z","level":"info","message":"    undefined"}
{"URL":"/users/9c3eaf10-86d5-410a-a894-b291088674c1","Method":"GET","params":{"userId":"9c3eaf10-86d5-410a-a894-b291088674c1"},"body":{},"statusCode":200,"Time":"2021-06-06T14:23:01.871Z","level":"info","message":"    undefined"}
{"URL":"/users/9c3eaf10-86d5-410a-a894-b291088674c1","Method":"DELETE","params":{"userId":"9c3eaf10-86d5-410a-a894-b291088674c1"},"body":{},"statusCode":200,"Time":"2021-06-06T14:23:01.874Z","level":"info","message":"    undefined"}
{"URL":"/users","Method":"POST","params":{},"body":{"name":"TEST_USER","login":"test_user","password":"T35t_P@55w0rd"},"statusCode":201,"Time":"2021-06-06T14:23:01.881Z","level":"info","message":"    undefined"}
{"URL":"/users/5715ed35-a82c-4c9b-b752-7bfcd4c89276","Method":"DELETE","params":{"userId":"5715ed35-a82c-4c9b-b752-7bfcd4c89276"},"body":{},"statusCode":200,"Time":"2021-06-06T14:23:01.884Z","level":"info","message":"    undefined"}
{"URL":"/users","Method":"POST","params":{},"body":{"name":"TEST_USER","login":"test_user","password":"T35t_P@55w0rd"},"statusCode":201,"Time":"2021-06-06T14:23:01.886Z","level":"info","message":"    undefined"}
{"URL":"/users/e9e12cb8-fb08-4699-8b55-e753d40de394","Method":"PUT","params":{"userId":"e9e12cb8-fb08-4699-8b55-e753d40de394"},"body":{"name":"Autotest updated TEST_USER","login":"test_user","password":"T35t_P@55w0rd","id":"e9e12cb8-fb08-4699-8b55-e753d40de394"},"statusCode":200,"Time":"2021-06-06T14:23:01.888Z","level":"info","message":"    undefined"}
{"URL":"/users/e9e12cb8-fb08-4699-8b55-e753d40de394","Method":"GET","params":{"userId":"e9e12cb8-fb08-4699-8b55-e753d40de394"},"body":{},"statusCode":200,"Time":"2021-06-06T14:23:01.890Z","level":"info","message":"    undefined"}
{"URL":"/users/e9e12cb8-fb08-4699-8b55-e753d40de394","Method":"DELETE","params":{"userId":"e9e12cb8-fb08-4699-8b55-e753d40de394"},"body":{},"statusCode":200,"Time":"2021-06-06T14:23:01.891Z","level":"info","message":"    undefined"}
{"URL":"/users","Method":"POST","params":{},"body":{"name":"TEST_USER","login":"test_user","password":"T35t_P@55w0rd"},"statusCode":201,"Time":"2021-06-06T14:23:01.893Z","level":"info","message":"    undefined"}
{"URL":"/users/5f3660fa-7812-459d-967b-b0c733e65e1b","Method":"DELETE","params":{"userId":"5f3660fa-7812-459d-967b-b0c733e65e1b"},"body":{},"statusCode":200,"Time":"2021-06-06T14:23:01.895Z","level":"info","message":"    undefined"}
{"URL":"/users","Method":"POST","params":{},"body":{"name":"TEST_USER","login":"test_user","password":"T35t_P@55w0rd"},"statusCode":201,"Time":"2021-06-06T14:23:01.897Z","level":"info","message":"    undefined"}
{"URL":"/boards","Method":"POST","params":{},"body":{"title":"Autotest board","columns":[{"title":"Backlog","order":1},{"title":"Sprint","order":2}]},"statusCode":201,"Time":"2021-06-06T14:23:01.898Z","level":"info","message":"    undefined"}
{"URL":"/boards/633b2b0f-ae77-4bc3-a92f-ec598f9590be/tasks","Method":"POST","params":{"boardId":"633b2b0f-ae77-4bc3-a92f-ec598f9590be"},"body":{"title":"Task #2","order":2,"description":"Lorem ipsum","userId":"45274138-9e23-41b9-b4a0-9a7ecaeaee39","boardId":"633b2b0f-ae77-4bc3-a92f-ec598f9590be"},"statusCode":201,"Time":"2021-06-06T14:23:01.900Z","level":"info","message":"    undefined"}
{"URL":"/boards/633b2b0f-ae77-4bc3-a92f-ec598f9590be/tasks","Method":"POST","params":{"boardId":"633b2b0f-ae77-4bc3-a92f-ec598f9590be"},"body":{"title":"Task #1","order":1,"description":"Lorem ipsum","userId":"45274138-9e23-41b9-b4a0-9a7ecaeaee39","boardId":"633b2b0f-ae77-4bc3-a92f-ec598f9590be"},"statusCode":201,"Time":"2021-06-06T14:23:01.901Z","level":"info","message":"    undefined"}
{"URL":"/users/45274138-9e23-41b9-b4a0-9a7ecaeaee39","Method":"DELETE","params":{"userId":"45274138-9e23-41b9-b4a0-9a7ecaeaee39"},"body":{},"statusCode":200,"Time":"2021-06-06T14:23:01.902Z","level":"info","message":"    undefined"}
{"URL":"/boards/633b2b0f-ae77-4bc3-a92f-ec598f9590be/tasks/83765b74-486e-46d8-8b51-9180e06f4d46","Method":"GET","params":{"boardId":"633b2b0f-ae77-4bc3-a92f-ec598f9590be","taskId":"83765b74-486e-46d8-8b51-9180e06f4d46"},"body":{},"statusCode":200,"Time":"2021-06-06T14:23:01.903Z","level":"info","message":"    undefined"}
{"URL":"/boards/633b2b0f-ae77-4bc3-a92f-ec598f9590be/tasks/6ce8a4c4-01e3-4485-b1b6-62e598366666","Method":"GET","params":{"boardId":"633b2b0f-ae77-4bc3-a92f-ec598f9590be","taskId":"6ce8a4c4-01e3-4485-b1b6-62e598366666"},"body":{},"statusCode":200,"Time":"2021-06-06T14:23:01.905Z","level":"info","message":"    undefined"}
{"URL":"/boards/633b2b0f-ae77-4bc3-a92f-ec598f9590be/tasks/6ce8a4c4-01e3-4485-b1b6-62e598366666","Method":"DELETE","params":{"boardId":"633b2b0f-ae77-4bc3-a92f-ec598f9590be","taskId":"6ce8a4c4-01e3-4485-b1b6-62e598366666"},"body":{},"statusCode":200,"Time":"2021-06-06T14:23:01.906Z","level":"info","message":"    undefined"}
{"URL":"/boards/633b2b0f-ae77-4bc3-a92f-ec598f9590be/tasks/83765b74-486e-46d8-8b51-9180e06f4d46","Method":"DELETE","params":{"boardId":"633b2b0f-ae77-4bc3-a92f-ec598f9590be","taskId":"83765b74-486e-46d8-8b51-9180e06f4d46"},"body":{},"statusCode":200,"Time":"2021-06-06T14:23:01.907Z","level":"info","message":"    undefined"}
{"URL":"/boards/633b2b0f-ae77-4bc3-a92f-ec598f9590be","Method":"DELETE","params":{"boardId":"633b2b0f-ae77-4bc3-a92f-ec598f9590be"},"body":{},"statusCode":200,"Time":"2021-06-06T14:23:01.908Z","level":"info","message":"    undefined"}
