{"errorName":"Error","errorMessage":"Oops!","URL":"/500","Method":"GET","params":{},"body":{},"statusCode":500,"Time":"2021-06-13T11:23:47.118Z","level":"error","message":"   undefined"}
{"errorName":"Error","errorMessage":"Oops!","URL":"/500","Method":"GET","params":{},"body":{},"statusCode":500,"Time":"2021-06-13T14:05:46.365Z","level":"error","message":"   undefined"}
{"errorName":"Error","errorMessage":"Oops!","URL":"/500","Method":"GET","params":{},"body":{},"statusCode":500,"Time":"2021-06-13T14:06:06.814Z","level":"error","message":"   undefined"}
{"errorName":"Error","errorMessage":"Oops!","URL":"/500","Method":"GET","params":{},"body":{},"statusCode":500,"Time":"2021-06-13T14:18:29.759Z","level":"error","message":"   undefined"}
{"errorName":"Error","errorMessage":"Oops!","URL":"/500","Method":"GET","params":{},"body":{},"statusCode":500,"Time":"2021-06-13T14:20:03.667Z","level":"error","message":"   undefined"}
{"errorName":"Error","errorMessage":"Oops!","URL":"/500","Method":"GET","params":{},"body":{},"statusCode":500,"Time":"2021-06-13T14:24:28.807Z","level":"error","message":"   undefined"}
{"errorName":"Error","errorMessage":"Oops!","URL":"/500","Method":"GET","params":{},"body":{},"statusCode":500,"Time":"2021-06-13T14:29:24.581Z","level":"error","message":"   undefined"}
{"errorName":"Error","errorMessage":"Oops!","URL":"/500","Method":"GET","params":{},"body":{},"statusCode":500,"Time":"2021-06-13T14:29:56.390Z","level":"error","message":"   undefined"}
{"errorName":"Error","errorMessage":"Oops!","URL":"/500","Method":"GET","params":{},"body":{},"statusCode":500,"Time":"2021-06-13T14:39:07.285Z","level":"error","message":"   undefined"}
{"errorName":"Error","errorMessage":"Oops!","URL":"/500","Method":"GET","params":{},"body":{},"statusCode":500,"Time":"2021-06-13T14:39:09.055Z","level":"error","message":"   undefined"}
{"errorName":"Error","errorMessage":"Oops!","URL":"/500","Method":"GET","params":{},"body":{},"statusCode":500,"Time":"2021-06-13T14:57:59.451Z","level":"error","message":"   undefined"}
{"errorName":"Error","errorMessage":"Oops!","URL":"/500","Method":"GET","params":{},"body":{},"statusCode":500,"Time":"2021-06-13T14:58:02.547Z","level":"error","message":"   undefined"}
{"errorName":"Error","errorMessage":"Oops!","URL":"/500","Method":"GET","params":{},"body":{},"statusCode":500,"Time":"2021-06-13T15:05:47.394Z","level":"error","message":"   undefined"}
{"errorName":"Error","errorMessage":"Not found task by id","URL":"/boards/9cc29c92-be82-4e29-8a3f-003e12b43095/tasks/10f9b059-764a-4280-80da-17244841ec2e","Method":"GET","params":{},"body":{},"statusCode":404,"Time":"2021-06-20T17:33:29.136Z","level":"error","message":"   undefined"}
{"errorName":"Error","errorMessage":"Not found board by id","URL":"/boards/3d972c94-dbd2-476d-8fe6-e3e50e0a3326","Method":"GET","params":{},"body":{},"statusCode":404,"Time":"2021-06-20T17:33:30.014Z","level":"error","message":"   undefined"}
{"errorName":"Error","errorMessage":"Not found task by id","URL":"/boards/619366be-d375-43cd-8448-8847ae59904a/tasks/5371e482-9983-4620-89c1-abcddb6a6179","Method":"GET","params":{},"body":{},"statusCode":404,"Time":"2021-06-20T17:33:30.151Z","level":"error","message":"   undefined"}
{"errorName":"Error","errorMessage":"Not found task by id","URL":"/boards/619366be-d375-43cd-8448-8847ae59904a/tasks/0ff88733-3c02-40e0-ba8b-d721f3aa192d","Method":"GET","params":{},"body":{},"statusCode":404,"Time":"2021-06-20T17:33:30.153Z","level":"error","message":"   undefined"}
{"errorName":"Error","errorMessage":"Not found task by id","URL":"/boards/619366be-d375-43cd-8448-8847ae59904a/tasks/af83e253-5e6c-4633-b930-9242b5c71684","Method":"GET","params":{},"body":{},"statusCode":404,"Time":"2021-06-20T17:33:30.156Z","level":"error","message":"   undefined"}
{"errorName":"Error","errorMessage":"Not found task by id","URL":"/boards/619366be-d375-43cd-8448-8847ae59904a/tasks/c39d2cf4-de18-46a2-9cf9-43c0722f7e43","Method":"GET","params":{},"body":{},"statusCode":404,"Time":"2021-06-20T17:33:30.157Z","level":"error","message":"   undefined"}
{"errorName":"Error","errorMessage":"Not found task by id","URL":"/boards/619366be-d375-43cd-8448-8847ae59904a/tasks/bc8d58f0-4a26-4e60-84cc-24e74cd0577e","Method":"GET","params":{},"body":{},"statusCode":404,"Time":"2021-06-20T17:33:30.158Z","level":"error","message":"   undefined"}
{"errorName":"Error","errorMessage":"Not found task by id","URL":"/boards/ace37ab7-9623-42c2-9f93-244c627c50b7/tasks/c3bba1ab-e700-4ab5-936b-cb842424f9e8","Method":"GET","params":{},"body":{},"statusCode":404,"Time":"2021-06-20T17:43:54.048Z","level":"error","message":"   undefined"}
{"errorName":"Error","errorMessage":"Not found board by id","URL":"/boards/b5cc4f12-2b4e-45f6-8034-9c18a3a7e957","Method":"GET","params":{},"body":{},"statusCode":404,"Time":"2021-06-20T17:43:54.844Z","level":"error","message":"   undefined"}
{"errorName":"Error","errorMessage":"Not found task by id","URL":"/boards/d7812d79-a79d-47e0-ae30-12054919001c/tasks/9033f0f2-30af-4072-ab08-fa1c27ee455a","Method":"GET","params":{},"body":{},"statusCode":404,"Time":"2021-06-20T17:43:54.989Z","level":"error","message":"   undefined"}
{"errorName":"Error","errorMessage":"Not found task by id","URL":"/boards/d7812d79-a79d-47e0-ae30-12054919001c/tasks/414b7e2b-7082-45d2-a2ec-6dc2a1a64ce0","Method":"GET","params":{},"body":{},"statusCode":404,"Time":"2021-06-20T17:43:54.990Z","level":"error","message":"   undefined"}
{"errorName":"Error","errorMessage":"Not found task by id","URL":"/boards/d7812d79-a79d-47e0-ae30-12054919001c/tasks/78910d09-332d-4186-9d4d-675d28d4cfb2","Method":"GET","params":{},"body":{},"statusCode":404,"Time":"2021-06-20T17:43:54.991Z","level":"error","message":"   undefined"}
{"errorName":"Error","errorMessage":"Not found task by id","URL":"/boards/d7812d79-a79d-47e0-ae30-12054919001c/tasks/829fd833-b6e8-4cc9-94f0-3e3a716f5105","Method":"GET","params":{},"body":{},"statusCode":404,"Time":"2021-06-20T17:43:54.992Z","level":"error","message":"   undefined"}
{"errorName":"Error","errorMessage":"Not found task by id","URL":"/boards/d7812d79-a79d-47e0-ae30-12054919001c/tasks/71adb98d-ccb0-4b29-912b-05f4c0a9dcf2","Method":"GET","params":{},"body":{},"statusCode":404,"Time":"2021-06-20T17:43:54.996Z","level":"error","message":"   undefined"}
{"errorName":"Error","errorMessage":"Not found task by id","URL":"/boards/b414334f-fcc3-4525-a4b9-d2c7b8718f4d/tasks/5d18da56-e10c-4d75-809b-6725989fa045","Method":"GET","params":{},"body":{},"statusCode":404,"Time":"2021-06-20T17:53:29.093Z","level":"error","message":"   undefined"}
{"errorName":"Error","errorMessage":"Not found board by id","URL":"/boards/64ec01d3-c789-41dd-bef1-1dbe4e6693c4","Method":"GET","params":{},"body":{},"statusCode":404,"Time":"2021-06-20T17:53:29.436Z","level":"error","message":"   undefined"}
{"errorName":"Error","errorMessage":"Not found task by id","URL":"/boards/02ab73f9-3227-4dd2-a977-cd9dcc249387/tasks/ec9dcd49-0a8f-40d6-ab59-ebad9dee011d","Method":"GET","params":{},"body":{},"statusCode":404,"Time":"2021-06-20T17:53:29.606Z","level":"error","message":"   undefined"}
{"errorName":"Error","errorMessage":"Not found task by id","URL":"/boards/02ab73f9-3227-4dd2-a977-cd9dcc249387/tasks/4995d5b0-b856-4428-a1ee-4432e5ec1fd0","Method":"GET","params":{},"body":{},"statusCode":404,"Time":"2021-06-20T17:53:29.607Z","level":"error","message":"   undefined"}
{"errorName":"Error","errorMessage":"Not found task by id","URL":"/boards/02ab73f9-3227-4dd2-a977-cd9dcc249387/tasks/6f1c75a9-ffcb-4b51-b5b6-550412ccd02a","Method":"GET","params":{},"body":{},"statusCode":404,"Time":"2021-06-20T17:53:29.608Z","level":"error","message":"   undefined"}
{"errorName":"Error","errorMessage":"Not found task by id","URL":"/boards/02ab73f9-3227-4dd2-a977-cd9dcc249387/tasks/dc846ce0-3904-4cbc-b476-462dc07306b6","Method":"GET","params":{},"body":{},"statusCode":404,"Time":"2021-06-20T17:53:29.608Z","level":"error","message":"   undefined"}
{"errorName":"Error","errorMessage":"Not found task by id","URL":"/boards/02ab73f9-3227-4dd2-a977-cd9dcc249387/tasks/dea9bbba-009e-45d4-b0ce-b32f093bdaf9","Method":"GET","params":{},"body":{},"statusCode":404,"Time":"2021-06-20T17:53:29.610Z","level":"error","message":"   undefined"}
{"errorName":"Error","errorMessage":"Not found task by id","URL":"/boards/14eebfa4-f88d-4241-a079-147e85441026/tasks/0f41fbe4-000c-4728-b4e2-85e2dd555aa7","Method":"GET","params":{},"body":{},"statusCode":404,"Time":"2021-06-26T18:57:33.689Z","level":"error","message":"   undefined"}
{"errorName":"Error","errorMessage":"Not found board by id","URL":"/boards/e31d3861-6a71-4766-8cf5-9146b3b36aa2","Method":"GET","params":{},"body":{},"statusCode":404,"Time":"2021-06-26T18:57:35.478Z","level":"error","message":"   undefined"}
{"errorName":"Error","errorMessage":"Not found task by id","URL":"/boards/53691b6b-0cf2-43d7-8376-95b0cac4e607/tasks/6ed5af5f-8c25-4c56-a755-01304c036fd2","Method":"GET","params":{},"body":{},"statusCode":404,"Time":"2021-06-26T18:57:35.796Z","level":"error","message":"   undefined"}
{"errorName":"Error","errorMessage":"Not found task by id","URL":"/boards/53691b6b-0cf2-43d7-8376-95b0cac4e607/tasks/090fd8eb-13f2-4980-8d08-b7852c3fbee7","Method":"GET","params":{},"body":{},"statusCode":404,"Time":"2021-06-26T18:57:35.798Z","level":"error","message":"   undefined"}
{"errorName":"Error","errorMessage":"Not found task by id","URL":"/boards/53691b6b-0cf2-43d7-8376-95b0cac4e607/tasks/c79996ce-bc3b-45d9-8df2-9a2c324a6b87","Method":"GET","params":{},"body":{},"statusCode":404,"Time":"2021-06-26T18:57:35.799Z","level":"error","message":"   undefined"}
{"errorName":"Error","errorMessage":"Not found task by id","URL":"/boards/53691b6b-0cf2-43d7-8376-95b0cac4e607/tasks/3e157b7d-0cf2-46ef-816c-3ab2ccfffa1d","Method":"GET","params":{},"body":{},"statusCode":404,"Time":"2021-06-26T18:57:35.800Z","level":"error","message":"   undefined"}
{"errorName":"Error","errorMessage":"Not found task by id","URL":"/boards/53691b6b-0cf2-43d7-8376-95b0cac4e607/tasks/87c5105f-1908-4da4-b5a1-fd1b519e4631","Method":"GET","params":{},"body":{},"statusCode":404,"Time":"2021-06-26T18:57:35.802Z","level":"error","message":"   undefined"}
{"errorName":"Error","errorMessage":"Not found board by id","URL":"/boards/55489a7a-f3df-4f61-8517-ee84762cc94c","Method":"GET","params":{},"body":{},"statusCode":404,"Time":"2021-06-27T10:47:53.963Z","level":"error","message":"   undefined"}
{"errorName":"Error","errorMessage":"Not found task by id","URL":"/boards/5ff044f6-101a-42b4-9734-271be587864e/tasks/1bc858ae-7785-4202-bed3-f7e45138eaa9","Method":"GET","params":{},"body":{},"statusCode":404,"Time":"2021-06-27T10:47:54.111Z","level":"error","message":"   undefined"}
{"errorName":"Error","errorMessage":"Not found task by id","URL":"/boards/5ff044f6-101a-42b4-9734-271be587864e/tasks/d38f5cb9-bfec-4a7d-8bee-c08c09119ef6","Method":"GET","params":{},"body":{},"statusCode":404,"Time":"2021-06-27T10:47:54.112Z","level":"error","message":"   undefined"}
{"errorName":"Error","errorMessage":"Not found task by id","URL":"/boards/5ff044f6-101a-42b4-9734-271be587864e/tasks/0a9045da-14e8-4123-8790-a1cf382a5c3f","Method":"GET","params":{},"body":{},"statusCode":404,"Time":"2021-06-27T10:47:54.114Z","level":"error","message":"   undefined"}
{"errorName":"Error","errorMessage":"Not found task by id","URL":"/boards/5ff044f6-101a-42b4-9734-271be587864e/tasks/675d7c39-a98e-4ba6-8f8e-65455cef675d","Method":"GET","params":{},"body":{},"statusCode":404,"Time":"2021-06-27T10:47:54.115Z","level":"error","message":"   undefined"}
{"errorName":"Error","errorMessage":"Not found task by id","URL":"/boards/5ff044f6-101a-42b4-9734-271be587864e/tasks/4a7f8ec9-cb6e-4dce-af5d-1c072c68cc63","Method":"GET","params":{},"body":{},"statusCode":404,"Time":"2021-06-27T10:47:54.120Z","level":"error","message":"   undefined"}
{"errorName":"Error","errorMessage":"Not found task by id","URL":"/boards/4a9e2a4c-686f-4d30-90ae-80261a9911dc/tasks/35236fe3-0797-41dd-a535-809f932e8826","Method":"GET","params":{},"body":{},"statusCode":404,"Time":"2021-06-27T10:47:55.148Z","level":"error","message":"   undefined"}
{"errorName":"Error","errorMessage":"Not found board by id","URL":"/boards/1e4f5064-7bb0-4695-acda-ab08fe2961fe","Method":"GET","params":{},"body":{},"statusCode":404,"Time":"2021-06-27T10:48:09.104Z","level":"error","message":"   undefined"}
{"errorName":"Error","errorMessage":"Not found task by id","URL":"/boards/16920788-09a7-4f07-a980-218e97fd99f2/tasks/84492590-d178-40a8-8696-b5a592999e81","Method":"GET","params":{},"body":{},"statusCode":404,"Time":"2021-06-27T10:48:09.293Z","level":"error","message":"   undefined"}
{"errorName":"Error","errorMessage":"Not found task by id","URL":"/boards/16920788-09a7-4f07-a980-218e97fd99f2/tasks/ede83ca1-aeab-4157-940e-8c4d4f157c9b","Method":"GET","params":{},"body":{},"statusCode":404,"Time":"2021-06-27T10:48:09.294Z","level":"error","message":"   undefined"}
{"errorName":"Error","errorMessage":"Not found task by id","URL":"/boards/16920788-09a7-4f07-a980-218e97fd99f2/tasks/38b159c7-8745-4be5-aa73-12dac2de81c8","Method":"GET","params":{},"body":{},"statusCode":404,"Time":"2021-06-27T10:48:09.296Z","level":"error","message":"   undefined"}
{"errorName":"Error","errorMessage":"Not found task by id","URL":"/boards/16920788-09a7-4f07-a980-218e97fd99f2/tasks/a45e99a4-b4b5-441a-a78f-b2c7bc9059a2","Method":"GET","params":{},"body":{},"statusCode":404,"Time":"2021-06-27T10:48:09.297Z","level":"error","message":"   undefined"}
{"errorName":"Error","errorMessage":"Not found task by id","URL":"/boards/16920788-09a7-4f07-a980-218e97fd99f2/tasks/704a888c-a7e0-4467-921d-9aa3d9bbe528","Method":"GET","params":{},"body":{},"statusCode":404,"Time":"2021-06-27T10:48:09.301Z","level":"error","message":"   undefined"}
{"errorName":"Error","errorMessage":"Not found task by id","URL":"/boards/ec7a9b2c-3d0d-4ee2-ae2d-87cbdf344912/tasks/682d3b8d-00b4-4ee3-8978-af8b769d73f9","Method":"GET","params":{},"body":{},"statusCode":404,"Time":"2021-06-27T11:26:40.991Z","level":"error","message":"   undefined"}
{"errorName":"Error","errorMessage":"Not found board by id","URL":"/boards/b04756d7-c286-4a28-97d4-175509ca70ae","Method":"GET","params":{},"body":{},"statusCode":404,"Time":"2021-06-27T11:26:41.000Z","level":"error","message":"   undefined"}
{"errorName":"Error","errorMessage":"Not found task by id","URL":"/boards/7edd644a-c1ba-4b9b-8884-36bf911de2b2/tasks/cdf0c7e6-458a-4fa7-9aa9-2f56bf1cfd52","Method":"GET","params":{},"body":{},"statusCode":404,"Time":"2021-06-27T11:26:41.205Z","level":"error","message":"   undefined"}
{"errorName":"Error","errorMessage":"Not found task by id","URL":"/boards/7edd644a-c1ba-4b9b-8884-36bf911de2b2/tasks/1fe36946-b6d6-4976-85ff-38939bf3e3b0","Method":"GET","params":{},"body":{},"statusCode":404,"Time":"2021-06-27T11:26:41.209Z","level":"error","message":"   undefined"}
{"errorName":"Error","errorMessage":"Not found task by id","URL":"/boards/7edd644a-c1ba-4b9b-8884-36bf911de2b2/tasks/d6db8659-9984-497e-abe8-4c7b91a5116a","Method":"GET","params":{},"body":{},"statusCode":404,"Time":"2021-06-27T11:26:41.210Z","level":"error","message":"   undefined"}
{"errorName":"Error","errorMessage":"Not found task by id","URL":"/boards/7edd644a-c1ba-4b9b-8884-36bf911de2b2/tasks/48f25805-aef2-4162-adec-0070cd255f59","Method":"GET","params":{},"body":{},"statusCode":404,"Time":"2021-06-27T11:26:41.212Z","level":"error","message":"   undefined"}
{"errorName":"Error","errorMessage":"Not found task by id","URL":"/boards/7edd644a-c1ba-4b9b-8884-36bf911de2b2/tasks/22f11664-8019-4d36-b2c0-71a55d332bce","Method":"GET","params":{},"body":{},"statusCode":404,"Time":"2021-06-27T11:26:41.213Z","level":"error","message":"   undefined"}
{"errorName":"Error","errorMessage":"Not found task by id","URL":"/boards/600f385c-36d5-48ac-badf-49e848466e02/tasks/4ddacb3f-6f98-46f1-8fbd-179a1cf428f0","Method":"GET","params":{},"body":{},"statusCode":404,"Time":"2021-06-27T12:01:40.953Z","level":"error","message":"   undefined"}
{"errorName":"Error","errorMessage":"Not found board by id","URL":"/boards/cae96e0d-2e73-4cbe-a108-10697bde5ae6","Method":"GET","params":{},"body":{},"statusCode":404,"Time":"2021-06-27T12:01:41.031Z","level":"error","message":"   undefined"}
{"errorName":"Error","errorMessage":"Not found task by id","URL":"/boards/772b7db7-2fdd-46b5-a358-2fc66acb77c0/tasks/5a5ca9f0-777c-465e-a4d9-82fe25add852","Method":"GET","params":{},"body":{},"statusCode":404,"Time":"2021-06-27T12:01:41.255Z","level":"error","message":"   undefined"}
{"errorName":"Error","errorMessage":"Not found task by id","URL":"/boards/772b7db7-2fdd-46b5-a358-2fc66acb77c0/tasks/71d5748c-e687-42bb-ab59-54abcb21119e","Method":"GET","params":{},"body":{},"statusCode":404,"Time":"2021-06-27T12:01:41.257Z","level":"error","message":"   undefined"}
{"errorName":"Error","errorMessage":"Not found task by id","URL":"/boards/772b7db7-2fdd-46b5-a358-2fc66acb77c0/tasks/8f5aae88-e069-4d03-abd8-eac8d6d1cfba","Method":"GET","params":{},"body":{},"statusCode":404,"Time":"2021-06-27T12:01:41.259Z","level":"error","message":"   undefined"}
{"errorName":"Error","errorMessage":"Not found task by id","URL":"/boards/772b7db7-2fdd-46b5-a358-2fc66acb77c0/tasks/97113189-8e8a-48b8-ba3b-ea729e30fa8f","Method":"GET","params":{},"body":{},"statusCode":404,"Time":"2021-06-27T12:01:41.263Z","level":"error","message":"   undefined"}
{"errorName":"Error","errorMessage":"Not found task by id","URL":"/boards/772b7db7-2fdd-46b5-a358-2fc66acb77c0/tasks/6ddac6e7-8876-410a-a219-b749e9ee3df3","Method":"GET","params":{},"body":{},"statusCode":404,"Time":"2021-06-27T12:01:41.266Z","level":"error","message":"   undefined"}
{"errorName":"Error","errorMessage":"Not found task by id","URL":"/boards/ea248e44-175d-4a6f-b0b0-58ba0eb65b1d/tasks/9d4448c7-1012-45dd-905a-639cf22352cd","Method":"GET","params":{},"body":{},"statusCode":404,"Time":"2021-06-27T12:05:25.141Z","level":"error","message":"   undefined"}
{"errorName":"Error","errorMessage":"Not found board by id","URL":"/boards/f9e3b6dd-9493-4f0a-bdd8-d357f2891cca","Method":"GET","params":{},"body":{},"statusCode":404,"Time":"2021-06-27T12:05:25.162Z","level":"error","message":"   undefined"}
{"errorName":"Error","errorMessage":"Not found task by id","URL":"/boards/8ab95df4-5120-4469-99f2-d8cae631877e/tasks/0681ffda-0db3-4afc-a938-e34a65d7056e","Method":"GET","params":{},"body":{},"statusCode":404,"Time":"2021-06-27T12:05:25.490Z","level":"error","message":"   undefined"}
{"errorName":"Error","errorMessage":"Not found task by id","URL":"/boards/8ab95df4-5120-4469-99f2-d8cae631877e/tasks/9a5ccbbc-e3cf-422a-90cd-1c49df3d5f56","Method":"GET","params":{},"body":{},"statusCode":404,"Time":"2021-06-27T12:05:25.491Z","level":"error","message":"   undefined"}
{"errorName":"Error","errorMessage":"Not found task by id","URL":"/boards/8ab95df4-5120-4469-99f2-d8cae631877e/tasks/00d6decf-d5c1-4cfc-a1cb-26ee44bfedb7","Method":"GET","params":{},"body":{},"statusCode":404,"Time":"2021-06-27T12:05:25.494Z","level":"error","message":"   undefined"}
{"errorName":"Error","errorMessage":"Not found task by id","URL":"/boards/8ab95df4-5120-4469-99f2-d8cae631877e/tasks/f5de25fb-b8ef-4d3d-ba9c-e0ab75ae75ac","Method":"GET","params":{},"body":{},"statusCode":404,"Time":"2021-06-27T12:05:25.496Z","level":"error","message":"   undefined"}
{"errorName":"Error","errorMessage":"Not found task by id","URL":"/boards/8ab95df4-5120-4469-99f2-d8cae631877e/tasks/6367c043-27a2-431e-9bd4-ce6be0f733dc","Method":"GET","params":{},"body":{},"statusCode":404,"Time":"2021-06-27T12:05:25.512Z","level":"error","message":"   undefined"}
{"errorName":"Error","errorMessage":"Not found task by id","URL":"/boards/52ce4c51-c82a-4fe0-8bd6-1e368d8ffa42/tasks/e11f2490-c5c2-41cb-9892-ae5dd3cc1c9b","Method":"GET","params":{},"body":{},"statusCode":404,"Time":"2021-06-27T12:08:00.288Z","level":"error","message":"   undefined"}
{"errorName":"Error","errorMessage":"Not found board by id","URL":"/boards/4818975a-fd56-4579-8112-0d28a644b2d6","Method":"GET","params":{},"body":{},"statusCode":404,"Time":"2021-06-27T12:08:00.327Z","level":"error","message":"   undefined"}
{"errorName":"Error","errorMessage":"Not found task by id","URL":"/boards/a74677a8-edcc-4772-8f20-e4d1b6b87e98/tasks/d6f9dbcb-c84f-4ba9-bbc9-36de47e22d29","Method":"GET","params":{},"body":{},"statusCode":404,"Time":"2021-06-27T12:08:00.609Z","level":"error","message":"   undefined"}
{"errorName":"Error","errorMessage":"Not found task by id","URL":"/boards/a74677a8-edcc-4772-8f20-e4d1b6b87e98/tasks/c6f27ba2-3e44-45cc-b670-12625d70fad3","Method":"GET","params":{},"body":{},"statusCode":404,"Time":"2021-06-27T12:08:00.622Z","level":"error","message":"   undefined"}
{"errorName":"Error","errorMessage":"Not found task by id","URL":"/boards/a74677a8-edcc-4772-8f20-e4d1b6b87e98/tasks/c85b74fc-4354-4317-9699-70e0d4adbf71","Method":"GET","params":{},"body":{},"statusCode":404,"Time":"2021-06-27T12:08:00.623Z","level":"error","message":"   undefined"}
{"errorName":"Error","errorMessage":"Not found task by id","URL":"/boards/a74677a8-edcc-4772-8f20-e4d1b6b87e98/tasks/743c8ecb-caed-4acf-bc10-d039de91f384","Method":"GET","params":{},"body":{},"statusCode":404,"Time":"2021-06-27T12:08:00.624Z","level":"error","message":"   undefined"}
{"errorName":"Error","errorMessage":"Not found task by id","URL":"/boards/a74677a8-edcc-4772-8f20-e4d1b6b87e98/tasks/c0412340-ab77-4a8f-a352-4573ff5c5c57","Method":"GET","params":{},"body":{},"statusCode":404,"Time":"2021-06-27T12:08:00.625Z","level":"error","message":"   undefined"}
{"errorName":"Error","errorMessage":"Not found task by id","URL":"/boards/9a1c0fc4-f0c8-4ecc-bb0c-6b0557020adb/tasks/5a5e7cb8-f98c-42b6-b42d-ab0b066c3f39","Method":"GET","params":{},"body":{},"statusCode":404,"Time":"2021-06-27T12:10:08.117Z","level":"error","message":"   undefined"}
{"errorName":"Error","errorMessage":"Not found board by id","URL":"/boards/627031be-e18c-4e3e-90bc-42ba7df33629","Method":"GET","params":{},"body":{},"statusCode":404,"Time":"2021-06-27T12:10:08.276Z","level":"error","message":"   undefined"}
{"errorName":"Error","errorMessage":"Not found task by id","URL":"/boards/c26ccbbd-97d2-4689-b22b-424dcf71e831/tasks/491852ca-fc38-46e5-8c45-5c63b227066f","Method":"GET","params":{},"body":{},"statusCode":404,"Time":"2021-06-27T12:10:08.507Z","level":"error","message":"   undefined"}
{"errorName":"Error","errorMessage":"Not found task by id","URL":"/boards/c26ccbbd-97d2-4689-b22b-424dcf71e831/tasks/e85c58e6-7bb4-4693-9f14-d1eaa159d76d","Method":"GET","params":{},"body":{},"statusCode":404,"Time":"2021-06-27T12:10:08.508Z","level":"error","message":"   undefined"}
{"errorName":"Error","errorMessage":"Not found task by id","URL":"/boards/c26ccbbd-97d2-4689-b22b-424dcf71e831/tasks/3398cec7-15f3-4248-a6e8-9da65d9bd67b","Method":"GET","params":{},"body":{},"statusCode":404,"Time":"2021-06-27T12:10:08.509Z","level":"error","message":"   undefined"}
{"errorName":"Error","errorMessage":"Not found task by id","URL":"/boards/c26ccbbd-97d2-4689-b22b-424dcf71e831/tasks/8ba3dd55-1c00-436d-9cb9-7f35d90f00b3","Method":"GET","params":{},"body":{},"statusCode":404,"Time":"2021-06-27T12:10:08.511Z","level":"error","message":"   undefined"}
{"errorName":"Error","errorMessage":"Not found task by id","URL":"/boards/c26ccbbd-97d2-4689-b22b-424dcf71e831/tasks/394f68c8-b2cc-44ac-9ea7-4b31384d7f92","Method":"GET","params":{},"body":{},"statusCode":404,"Time":"2021-06-27T12:10:08.513Z","level":"error","message":"   undefined"}
{"errorName":"Error","errorMessage":"Not found board by id","URL":"/boards/f7f5a8a9-fb74-44c2-aac3-c968c3316298","Method":"GET","params":{},"body":{},"statusCode":404,"Time":"2021-06-27T12:17:08.756Z","level":"error","message":"   undefined"}
{"errorName":"Error","errorMessage":"Not found task by id","URL":"/boards/0eaf6494-80c3-4411-a104-3003bc20d27e/tasks/e4a9b386-069d-4407-ae69-0aac55f46ce3","Method":"GET","params":{},"body":{},"statusCode":404,"Time":"2021-06-27T12:17:09.063Z","level":"error","message":"   undefined"}
{"errorName":"Error","errorMessage":"Not found task by id","URL":"/boards/07f6ff3b-4dcf-4523-983c-0bea97189aff/tasks/d7ba16e0-92fa-4170-a60a-e45145216198","Method":"GET","params":{},"body":{},"statusCode":404,"Time":"2021-06-27T12:17:09.119Z","level":"error","message":"   undefined"}
{"errorName":"Error","errorMessage":"Not found task by id","URL":"/boards/07f6ff3b-4dcf-4523-983c-0bea97189aff/tasks/89a1bbcb-3dc8-423a-911a-21cb7718dfc8","Method":"GET","params":{},"body":{},"statusCode":404,"Time":"2021-06-27T12:17:09.121Z","level":"error","message":"   undefined"}
{"errorName":"Error","errorMessage":"Not found task by id","URL":"/boards/07f6ff3b-4dcf-4523-983c-0bea97189aff/tasks/15b8f7a7-4300-4c94-ac06-cbfb1ba2fce6","Method":"GET","params":{},"body":{},"statusCode":404,"Time":"2021-06-27T12:17:09.140Z","level":"error","message":"   undefined"}
{"errorName":"Error","errorMessage":"Not found task by id","URL":"/boards/07f6ff3b-4dcf-4523-983c-0bea97189aff/tasks/c34fff93-c067-4495-a089-ff830d1f50a7","Method":"GET","params":{},"body":{},"statusCode":404,"Time":"2021-06-27T12:17:09.143Z","level":"error","message":"   undefined"}
{"errorName":"Error","errorMessage":"Not found task by id","URL":"/boards/07f6ff3b-4dcf-4523-983c-0bea97189aff/tasks/6f04fda0-e3c6-4404-bba5-6501fbf7b899","Method":"GET","params":{},"body":{},"statusCode":404,"Time":"2021-06-27T12:17:09.156Z","level":"error","message":"   undefined"}
