{"URL":"/500","Method":"GET","params":{},"body":{},"statusCode":500,"Time":"2021-06-13T11:23:47.117Z","level":"info","message":"    undefined"}
{"errorName":"Error","errorMessage":"Oops!","URL":"/500","Method":"GET","params":{},"body":{},"statusCode":500,"Time":"2021-06-13T11:23:47.118Z","level":"error","message":"   undefined"}
{"URL":"/users/4cff2d17-a18f-48f7-8975-b1a91db78879/","Method":"GET","params":{"userId":"4cff2d17-a18f-48f7-8975-b1a91db78879"},"body":{},"statusCode":304,"Time":"2021-06-13T14:05:36.038Z","level":"info","message":"    undefined"}
{"URL":"/500","Method":"GET","params":{},"body":{},"statusCode":500,"Time":"2021-06-13T14:05:46.365Z","level":"info","message":"    undefined"}
{"errorName":"Error","errorMessage":"Oops!","URL":"/500","Method":"GET","params":{},"body":{},"statusCode":500,"Time":"2021-06-13T14:05:46.365Z","level":"error","message":"   undefined"}
{"URL":"/500","Method":"GET","params":{},"body":{},"statusCode":500,"Time":"2021-06-13T14:06:06.813Z","level":"info","message":"    undefined"}
{"errorName":"Error","errorMessage":"Oops!","URL":"/500","Method":"GET","params":{},"body":{},"statusCode":500,"Time":"2021-06-13T14:06:06.814Z","level":"error","message":"   undefined"}
{"URL":"/500","Method":"GET","params":{},"body":{},"statusCode":500,"Time":"2021-06-13T14:18:29.759Z","level":"info","message":"    undefined"}
{"errorName":"Error","errorMessage":"Oops!","URL":"/500","Method":"GET","params":{},"body":{},"statusCode":500,"Time":"2021-06-13T14:18:29.759Z","level":"error","message":"   undefined"}
{"URL":"/500","Method":"GET","params":{},"body":{},"statusCode":500,"Time":"2021-06-13T14:20:03.666Z","level":"info","message":"    undefined"}
{"errorName":"Error","errorMessage":"Oops!","URL":"/500","Method":"GET","params":{},"body":{},"statusCode":500,"Time":"2021-06-13T14:20:03.667Z","level":"error","message":"   undefined"}
{"URL":"/500","Method":"GET","params":{},"body":{},"statusCode":500,"Time":"2021-06-13T14:24:28.806Z","level":"info","message":"    undefined"}
{"errorName":"Error","errorMessage":"Oops!","URL":"/500","Method":"GET","params":{},"body":{},"statusCode":500,"Time":"2021-06-13T14:24:28.807Z","level":"error","message":"   undefined"}
{"URL":"/asasd","Method":"GET","body":{},"statusCode":404,"Time":"2021-06-13T14:24:41.920Z","level":"info","message":"    undefined"}
{"URL":"/asasd","Method":"GET","body":{},"statusCode":404,"Time":"2021-06-13T14:29:20.319Z","level":"info","message":"    undefined"}
{"URL":"/500","Method":"GET","params":{},"body":{},"statusCode":500,"Time":"2021-06-13T14:29:24.581Z","level":"info","message":"    undefined"}
{"errorName":"Error","errorMessage":"Oops!","URL":"/500","Method":"GET","params":{},"body":{},"statusCode":500,"Time":"2021-06-13T14:29:24.581Z","level":"error","message":"   undefined"}
{"URL":"/500","Method":"GET","params":{},"body":{},"statusCode":500,"Time":"2021-06-13T14:29:56.389Z","level":"info","message":"    undefined"}
{"errorName":"Error","errorMessage":"Oops!","URL":"/500","Method":"GET","params":{},"body":{},"statusCode":500,"Time":"2021-06-13T14:29:56.390Z","level":"error","message":"   undefined"}
{"URL":"/500","Method":"GET","params":{},"body":{},"statusCode":500,"Time":"2021-06-13T14:39:07.284Z","level":"info","message":"    undefined"}
{"errorName":"Error","errorMessage":"Oops!","URL":"/500","Method":"GET","params":{},"body":{},"statusCode":500,"Time":"2021-06-13T14:39:07.285Z","level":"error","message":"   undefined"}
{"URL":"/500","Method":"GET","params":{},"body":{},"statusCode":500,"Time":"2021-06-13T14:39:09.055Z","level":"info","message":"    undefined"}
{"errorName":"Error","errorMessage":"Oops!","URL":"/500","Method":"GET","params":{},"body":{},"statusCode":500,"Time":"2021-06-13T14:39:09.055Z","level":"error","message":"   undefined"}
{"URL":"/500","Method":"GET","params":{},"body":{},"statusCode":500,"Time":"2021-06-13T14:57:59.450Z","level":"info","message":"    undefined"}
{"errorName":"Error","errorMessage":"Oops!","URL":"/500","Method":"GET","params":{},"body":{},"statusCode":500,"Time":"2021-06-13T14:57:59.451Z","level":"error","message":"   undefined"}
{"URL":"/500","Method":"GET","params":{},"body":{},"statusCode":500,"Time":"2021-06-13T14:58:02.547Z","level":"info","message":"    undefined"}
{"errorName":"Error","errorMessage":"Oops!","URL":"/500","Method":"GET","params":{},"body":{},"statusCode":500,"Time":"2021-06-13T14:58:02.547Z","level":"error","message":"   undefined"}
{"errorName":"Error","errorMessage":"Oops!","URL":"/500","Method":"GET","params":{},"body":{},"statusCode":500,"Time":"2021-06-13T15:05:47.394Z","level":"error","message":"   undefined"}
{"URL":"/500","Method":"GET","body":{},"statusCode":500,"Time":"2021-06-13T15:06:24.845Z","level":"info","message":"    undefined"}
{"URL":"/500","Method":"GET","body":{},"statusCode":500,"Time":"2021-06-13T15:08:51.824Z","level":"info","message":"    undefined"}
{"URL":"/users/","Method":"GET","params":{},"body":{},"statusCode":200,"Time":"2021-06-13T15:11:42.743Z","level":"info","message":"    undefined"}
{"URL":"/users/","Method":"GET","params":{},"body":{},"statusCode":304,"Time":"2021-06-13T15:15:45.930Z","level":"info","message":"    undefined"}
